<?xml version="1.0" encoding="UTF-8"?>
<!-- Generated by org.testng.reporters.JUnitReportReporter -->
<testsuite hostname="DESKTOP-6VDTS01" failures="0" tests="1" name="tests.TestExample" time="2.376" errors="0" timestamp="2025-05-11T18:26:25 EDT" skipped="0">
  <testcase classname="tests.TestExample" name="test_1" time="2.376"/>
</testsuite> <!-- tests.TestExample -->
